06-02-2018	AOCFFA-Arena3_p맵으로 변경되었습니다.
06-02-2018	None	[KoW]ﮎuperlℨ	testtest
06-02-2018	AOCFFA-Arena3_p맵으로 변경되었습니다.
06-02-2018	None	[KoW]ﮎuperlℨ	asdasd
0:00:00	AOCFFA-Arena3_p맵으로 변경되었습니다.
0:00:00	None	[KoW]ﮎuperlℨ	test
5:28:01	AOCFFA-Arena3_p맵으로 변경되었습니다.
5:28:03	None	[KoW]ﮎuperlℨ	test
5:28:19	None	[KoW]ﮎuperlℨ	ez
5:29:21	AOCFFA-Arena3_p맵으로 변경되었습니다.
5:29:29	Agatha	[KoW]ﮎuperlℨ	/kd
5:30:43	AOCFFA-Arena3_p맵으로 변경되었습니다.
5:31:36	AOCFFA-Arena3_p맵으로 변경되었습니다.
5:31:39	None	[KoW]ﮎuperlℨ	/kd
5:31:49	[명령어] [KoW]ﮎuperlℨ님이 success명령어를 사용하셨습니다.
5:31:49	None	[KoW]ﮎuperlℨ	/maplist aocffa
5:32:20	AOCFFA-Arena3_p맵으로 변경되었습니다.
5:32:23	[명령어] [KoW]ﮎuperlℨ님이 success명령어를 사용하셨습니다.
5:32:23	None	[KoW]ﮎuperlℨ	/maplist aocffa
5:32:31	None	[KoW]ﮎuperlℨ	/maplist (small)
5:32:39	None	[KoW]ﮎuperlℨ	/maplist (medium)
5:32:54	None	[KoW]ﮎuperlℨ	/maplist *s
5:32:59	None	[KoW]ﮎuperlℨ	/maplist *m
5:46:52	[명령어] [KoW]ﮎuperlℨ님이 success명령어를 사용하셨습니다.
5:46:52	None	[KoW]ﮎuperlℨ	/maplist aocffa
5:50:11	Agatha	CAT	HU
5:50:13	None	[KoW]ﮎuperlℨ	hi
5:50:13	Agatha	CAT	JI
5:50:17	Agatha	CAT	HI
5:50:31	Agatha	CAT	????
5:50:37	None	[KoW]ﮎuperlℨ	/m aocffa
5:50:40	None	[KoW]ﮎuperlℨ	/m arena3_p
5:50:45	[명령어] [KoW]ﮎuperlℨ님이 success명령어를 사용하셨습니다.
5:50:45	None	[KoW]ﮎuperlℨ	/maplist arena
5:50:49	[안내] aocffa-arena3_p 맵으로 3초 뒤 변경됩니다.
5:50:49	[명령어] [KoW]ﮎuperlℨ님이 success명령어를 사용하셨습니다.
5:50:49	None	[KoW]ﮎuperlℨ	/m aocffa-arena
5:50:52	AOCFFA-Arena3_p맵으로 변경되었습니다.
5:51:12	Mason	[KoW]ﮎuperlℨ	oops
5:51:26	[안내] aocffa-arena3_p 맵으로 3초 뒤 변경됩니다.
5:51:26	[명령어] [KoW]ﮎuperlℨ님이 success명령어를 사용하셨습니다.
5:51:26	Mason	[KoW]ﮎuperlℨ	/m aocffa-arena3_p
5:51:29	AOCFFA-Arena3_p맵으로 변경되었습니다.
5:51:50	[명령어] [KoW]ﮎuperlℨ님이 success명령어를 사용하셨습니다.
5:51:50	Agatha	[KoW]ﮎuperlℨ	/maplist aocto
5:52:44	Agatha	CAT	LEL
5:54:31	AOCFFA-Arena3_p맵으로 변경되었습니다.
5:54:34	[명령어] [KoW]ﮎuperlℨ님이 success명령어를 사용하셨습니다.
5:54:34	None	[KoW]ﮎuperlℨ	/maplist aocto
5:54:43	[명령어] [KoW]ﮎuperlℨ님이 success명령어를 사용하셨습니다.
5:54:43	None	[KoW]ﮎuperlℨ	/maplist aocffa
5:56:50	[안내] aocto-shore-cm_p 맵으로 3초 뒤 변경됩니다.
5:56:50	[명령어] [KoW]ﮎuperlℨ님이 success명령어를 사용하셨습니다.
5:56:50	None	[KoW]ﮎuperlℨ	/m shore
5:56:54	AOCFFA-Arena3_p맵으로 변경되었습니다.
5:57:48	[명령어] [KoW]ﮎuperlℨ님이 success명령어를 사용하셨습니다.
5:57:48	Agatha	[KoW]ﮎuperlℨ	/maplist ruins
5:58:00	Agatha	[KoW]ﮎuperlℨ	/m aoclts
5:58:03	[명령어] [KoW]ﮎuperlℨ님이 success명령어를 사용하셨습니다.
5:58:03	Agatha	[KoW]ﮎuperlℨ	/maplist aoclts
6:04:06	AOCFFA-Arena3_p맵으로 변경되었습니다.
6:04:17	[안내] aocffa-arena3_p 맵으로 3초 뒤 변경됩니다.
6:04:17	[명령어] [KoW]ﮎuperlℨ님이 success명령어를 사용하셨습니다.
6:04:17	None	[KoW]ﮎuperlℨ	/m ffa small
6:04:20	[안내] aocffa-darkforest_cistern_p 맵으로 3초 뒤 변경됩니다.
6:04:20	[명령어] [KoW]ﮎuperlℨ님이 success명령어를 사용하셨습니다.
6:04:20	None	[KoW]ﮎuperlℨ	/m ffa small
6:04:20	AOCFFA-Arena3_p맵으로 변경되었습니다.
6:07:40	AOCFFA-Arena3_p맵으로 변경되었습니다.
6:07:44	None	[KoW]ﮎuperlℨ	/r
6:07:48	[안내] 현재 맵으로 3초 뒤 재시작됩니다.
6:07:48	[명령어] [KoW]ﮎuperlℨ님이 success명령어를 사용하셨습니다.
6:07:48	None	[KoW]ﮎuperlℨ	/reset
6:07:49	[안내] 현재 맵으로 3초 뒤 재시작됩니다.
6:07:49	[명령어] [KoW]ﮎuperlℨ님이 success명령어를 사용하셨습니다.
6:07:49	None	[KoW]ﮎuperlℨ	/reset
6:07:52	[안내] 현재 맵으로 3초 뒤 재시작됩니다.
6:07:52	[명령어] [KoW]ﮎuperlℨ님이 success명령어를 사용하셨습니다.
6:07:52	None	[KoW]ﮎuperlℨ	/restart
6:07:54	[안내] 다음 맵으로 3초 뒤 변경됩니다.
6:07:54	[명령어] [KoW]ﮎuperlℨ님이 success명령어를 사용하셨습니다.
6:07:54	None	[KoW]ﮎuperlℨ	/rotate
6:07:57	AOCFFA-Arena3_p맵으로 변경되었습니다.
6:08:10	AOCFFA-Arena3_p맵으로 변경되었습니다.
6:08:47	AOCFFA-Arena3_p맵으로 변경되었습니다.
6:36:51	AOCFFA-Arena3_p맵으로 변경되었습니다.
6:40:49	AOCFFA-Arena3_p맵으로 변경되었습니다.
6:40:58	AOCFFA-Arena3_p맵으로 변경되었습니다.
6:51:45	AOCFFA-Arena3_p맵으로 변경되었습니다.
6:52:53	None	[KoW]ﮎuperlℨ	dasdsad
6:52:56	None	[KoW]ﮎuperlℨ	test
6:56:08	AOCFFA-Arena3_p맵으로 변경되었습니다.
6:56:16	AOCFFA-Arena3_p맵으로 변경되었습니다.
6:56:27	AOCFFA-Arena3_p맵으로 변경되었습니다.
18:26:16	AOCFFA-Arena3_p맵으로 변경되었습니다.
18:27:01	AOCFFA-Arena3_p맵으로 변경되었습니다.
18:29:38	Agatha	[KoW]ﮎuperlℨ	test
18:29:40	Agatha	[KoW]ﮎuperlℨ	/?
18:29:43	Agatha	[KoW]ﮎuperlℨ	/maplist
18:29:46	[명령어] [KoW]ﮎuperlℨ님이 success명령어를 사용하셨습니다.
18:29:46	Agatha	[KoW]ﮎuperlℨ	/maplist aocffa
18:31:14	AOCFFA-Arena3_p맵으로 변경되었습니다.
18:31:18	None	[KoW]ﮎuperlℨ	/?
18:31:20	[명령어] [KoW]ﮎuperlℨ님이 success명령어를 사용하셨습니다.
18:31:20	None	[KoW]ﮎuperlℨ	/maplist aoc
18:31:30	None	[KoW]ﮎuperlℨ	/kd
18:33:13	AOCFFA-Arena3_p맵으로 변경되었습니다.
18:33:36	AOCFFA-Arena3_p맵으로 변경되었습니다.
18:33:43	AOCFFA-Arena3_p맵으로 변경되었습니다.
18:34:49	AOCFFA-Arena3_p맵으로 변경되었습니다.
18:34:57	AOCFFA-Arena3_p맵으로 변경되었습니다.
18:35:55	AOCFFA-Arena3_p맵으로 변경되었습니다.
18:36:41	AOCFFA-Arena3_p맵으로 변경되었습니다.
18:38:35	None	[KoW]ﮎuperlℨ	앗
18:38:39	[안내] 현재 맵으로 3초 뒤 재시작됩니다.
18:38:39	None	[KoW]ﮎuperlℨ	/restart
18:38:43	AOCFFA-Arena3_p맵으로 변경되었습니다.
18:38:56	Agatha	[KoW]ﮎuperlℨ	/kd
18:38:58	Agatha	Villain-k	/kd
18:39:01	Agatha	Villain-k	good
18:39:13	Agatha	[KoW]ﮎuperlℨ	이거아니였나
18:39:25	Agatha	[KoW]ﮎuperlℨ	너
18:39:27	Agatha	[KoW]ﮎuperlℨ	메시지뜨냐
18:39:29	Agatha	Villain-k	안듬
18:39:32	Agatha	[KoW]ﮎuperlℨ	/maplist aocffa
18:39:33	Agatha	Villain-k	kd는 나옴
18:39:35	Agatha	[KoW]ﮎuperlℨ	흠
18:39:38	Agatha	Villain-k	/maplist aocffa
18:39:40	Agatha	[KoW]ﮎuperlℨ	아 또 뭐 출력 안되네
18:39:41	Agatha	Villain-k	권한 없다네
18:39:41	Agatha	[KoW]ﮎuperlℨ	일단 ㄱㄱ
18:39:57	Agatha	[KoW]ﮎuperlℨ	조금만 기다려봐
18:41:09	Agatha	[KoW]ﮎuperlℨ	흠
18:41:11	Agatha	[KoW]ﮎuperlℨ	왜지리ㅏㄹ이지
18:41:43	AOCFFA-Arena3_p맵으로 변경되었습니다.
18:41:47	None	Villain-k	너 지금 로그인 안 해서그런거 아니냐
18:42:29	AOCFFA-Arena3_p맵으로 변경되었습니다.
18:42:30	None	[KoW]ﮎuperlℨ	너
18:42:32	None	[KoW]ﮎuperlℨ	권한주게 기다려바
18:42:38	None	[KoW]ﮎuperlℨ	/promot
18:43:50	AOCFFA-Arena3_p맵으로 변경되었습니다.
18:43:56	None	[KoW]ﮎuperlℨ	/promote Villain 2
18:43:59	None	Villain-k	dd
18:44:00	None	[KoW]ﮎuperlℨ	이제
18:44:02	None	[KoW]ﮎuperlℨ	명령어 될걸
18:44:06	None	Villain-k	/rape supelr3
18:44:09	None	[KoW]ﮎuperlℨ	ㅎㅎ
18:44:10	None	Villain-k	/help
18:44:12	None	Villain-k	야
18:44:15	None	Villain-k	뭐 없냐 지침서
18:44:22	None	[KoW]ﮎuperlℨ	넣어줄겡
18:45:03	AOCFFA-Arena3_p맵으로 변경되었습니다.
18:45:14	None	[KoW]ﮎuperlℨ	/maplist aocffa
18:47:30	AOCFFA-Arena3_p맵으로 변경되었습니다.
18:47:35	None	[KoW]ﮎuperlℨ	/maplist aocffa
18:47:38	None	[KoW]ﮎuperlℨ	/maplist aocf
18:47:57	AOCFFA-Arena3_p맵으로 변경되었습니다.
18:47:59	None	[KoW]ﮎuperlℨ	/maplist aocffa
18:48:01	None	[KoW]ﮎuperlℨ	아
18:48:02	None	[KoW]ﮎuperlℨ	하긴했는데
18:48:03	None	[KoW]ﮎuperlℨ	급하게 하느라
18:48:04	None	[KoW]ﮎuperlℨ	존나더럽네
18:48:06	None	[KoW]ﮎuperlℨ	너
18:48:12	None	[KoW]ﮎuperlℨ	dpd
18:48:12	None	[KoW]ﮎuperlℨ	엥
18:48:34	AOCFFA-Arena3_p맵으로 변경되었습니다.
18:48:36	None	Villain-k	밥 먹는다
18:48:50	AOCFFA-Arena3_p맵으로 변경되었습니다.
18:49:56	AOCFFA-Arena3_p맵으로 변경되었습니다.
18:50:28	AOCFFA-Arena3_p맵으로 변경되었습니다.
18:50:56	None	[KoW]ﮎuperlℨ	/change
18:52:32	AOCFFA-Arena3_p맵으로 변경되었습니다.
18:52:36	None	[KoW]ﮎuperlℨ	/help
18:56:16	AOCFFA-Arena3_p맵으로 변경되었습니다.
18:56:28	[안내] aocffa-darkforest_cistern_p 맵으로 3초 뒤 변경됩니다.
18:56:28	None	[KoW]ﮎuperlℨ	/change aocffa small
18:56:31	AOCFFA-Arena3_p맵으로 변경되었습니다.
18:58:13	[안내] aockoth-darkforest_valley_p 맵으로 3초 뒤 변경됩니다.
18:58:13	Agatha	[KoW]ﮎuperlℨ	/change aoc *
18:58:15	[안내] aoctd-ruins_large_p 맵으로 3초 뒤 변경됩니다.
18:58:15	Agatha	[KoW]ﮎuperlℨ	/change aoc *
18:58:18	[안내] aocto-drunkenbazaar-cm_p 맵으로 3초 뒤 변경됩니다.
18:58:18	Agatha	[KoW]ﮎuperlℨ	/change aoc *
18:58:20	[안내] aocffa-forest-cm_p 맵으로 3초 뒤 변경됩니다.
18:58:20	Agatha	[KoW]ﮎuperlℨ	/change aoc *
18:58:22	Agatha	[KoW]ﮎuperlℨ	/cancel
18:58:27	AOCFFA-Arena3_p맵으로 변경되었습니다.
18:58:30	[안내] aoclts-hillsidepyre_p 맵으로 3초 뒤 변경됩니다.
18:58:30	None	[KoW]ﮎuperlℨ	/change aoc *
18:58:32	[안내] aocto-outpost_p 맵으로 3초 뒤 변경됩니다.
18:58:32	None	[KoW]ﮎuperlℨ	/change aoc *
18:58:34	[안내] aoctd-throneroom_p 맵으로 3초 뒤 변경됩니다.
18:58:34	None	[KoW]ﮎuperlℨ	/change aoc *
18:58:37	AOCFFA-Arena3_p맵으로 변경되었습니다.
18:58:40	[안내] aoctd-bridge_p 맵으로 3초 뒤 변경됩니다.
18:58:40	None	[KoW]ﮎuperlℨ	/change aoc *
18:58:42	[안내] aoctd-impasse-cm_p 맵으로 3초 뒤 변경됩니다.
18:58:42	None	[KoW]ﮎuperlℨ	/change aoc *
18:58:44	[안내] aocffa-arena3_p 맵으로 3초 뒤 변경됩니다.
18:58:44	None	[KoW]ﮎuperlℨ	/change aoc *
18:58:47	None	[KoW]ﮎuperlℨ	/cancel
18:58:50	[안내] aocffa-darkforest_cistern_p 맵으로 3초 뒤 변경됩니다.
18:58:50	None	[KoW]ﮎuperlℨ	/change aoc small
18:58:52	[안내] aocffa-cistern_p 맵으로 3초 뒤 변경됩니다.
18:58:52	None	[KoW]ﮎuperlℨ	/change aoc small
18:58:55	[안내] aocffa-bridge_p 맵으로 3초 뒤 변경됩니다.
18:58:55	None	[KoW]ﮎuperlℨ	/change aoc small
18:58:58	[안내] aocduel-dininghall_p 맵으로 3초 뒤 변경됩니다.
18:58:58	None	[KoW]ﮎuperlℨ	/change aoc small
18:59:00	[안내] aocffa-arena3_p 맵으로 3초 뒤 변경됩니다.
18:59:00	None	[KoW]ﮎuperlℨ	/change aoc small
18:59:02	None	[KoW]ﮎuperlℨ	/cancel
18:59:06	[안내] aocduel-mines_p 맵으로 3초 뒤 변경됩니다.
18:59:06	None	[KoW]ﮎuperlℨ	/change aoc small
18:59:09	[안내] aocffa-shipyard_p 맵으로 3초 뒤 변경됩니다.
18:59:09	None	[KoW]ﮎuperlℨ	/change aoc small
18:59:12	AOCFFA-Arena3_p맵으로 변경되었습니다.
19:00:17	AOCFFA-Arena3_p맵으로 변경되었습니다.
19:03:49	AOCFFA-Arena3_p맵으로 변경되었습니다.
19:04:10	None	REdFOX	히야
19:04:10	None	[KoW]ﮎuperlℨ	이런느낌으로
19:04:14	Agatha	Villain-k	짜장면 패는거임?
19:04:16	None	[KoW]ﮎuperlℨ	적 공격은 피하고
19:04:20	None	[KoW]ﮎuperlℨ	내 공격은 맞추고
19:04:27	Agatha	REdFOX	아아아 뛰어다니는 거임????
19:04:33	Agatha	REdFOX	역시 고랭 신기
19:04:39	None	[KoW]ﮎuperlℨ	이렇게 하는사람은
19:04:40	None	[KoW]ﮎuperlℨ	별로없어요
19:04:47	None	[KoW]ﮎuperlℨ	/promote Villain 3
19:04:52	None	[KoW]ﮎuperlℨ	너 help 치면
19:04:54	None	[KoW]ﮎuperlℨ	명령어나옴
19:04:54	Agatha	Villain-k	help
19:04:56	Agatha	Villain-k	/help
19:04:56	None	[KoW]ﮎuperlℨ	/help
19:05:05	[안내] 다음 맵으로 3초 뒤 변경됩니다.
19:05:05	Agatha	Villain-k	/rotate
19:05:08	None	[KoW]ﮎuperlℨ	/cancel
19:05:08	Agatha	Villain-k	이런시발
19:05:14	Agatha	Villain-k	/help
19:05:14	None	[KoW]ﮎuperlℨ	ㅋㅋㅋ
19:05:18	None	[KoW]ﮎuperlℨ	임시로 추가한거야
19:05:27	Agatha	Villain-k	/change
19:05:30	Agatha	Villain-k	음
19:05:34	Agatha	Villain-k	/kd
19:05:50	None	[KoW]ﮎuperlℨ	/kd
19:06:04	None	[KoW]ﮎuperlℨ	근데
19:06:05	None	[KoW]ﮎuperlℨ	마울 자체가
19:06:07	None	[KoW]ﮎuperlℨ	안좋아요 별로
19:06:11	Agatha	REdFOX	그런가요?
19:06:12	Agatha	[KoW]ﮎuperlℨ	네
19:06:17	Agatha	[KoW]ﮎuperlℨ	1:1에서는 안좋구요
19:06:22	Agatha	[KoW]ﮎuperlℨ	난전에서 안보는 적
19:06:24	Agatha	[KoW]ﮎuperlℨ	내려찍고다니기는 좋죠
19:06:31	Agatha	[KoW]ﮎuperlℨ	적이 소수만 있으면
19:06:34	Agatha	[KoW]ﮎuperlℨ	마울 너무 리치가 짧아서
19:06:38	Agatha	REdFOX	오호...
19:06:39	Agatha	[KoW]ﮎuperlℨ	안좋아요 적보다 아군이 소수면 ㅇㅇ
19:06:43	Agatha	[KoW]ﮎuperlℨ	적당히 긴 무기 추천
19:06:58	Agatha	REdFOX	오호
19:07:40	Agatha	[KoW]ﮎuperlℨ	핑 제한도
19:07:43	Agatha	[KoW]ﮎuperlℨ	수정할수 있게 바꿀까
19:07:44	Agatha	[KoW]ﮎuperlℨ	?
19:07:46	Agatha	[KoW]ﮎuperlℨ	지금 150
19:08:08	Agatha	Villain-k	/kd
19:08:38	Agatha	[KoW]ﮎuperlℨ	/kd
19:08:42	Agatha	[KoW]ﮎuperlℨ	엥
19:08:44	Agatha	[KoW]ﮎuperlℨ	이거 소수점 안나오네 ㅋㅋ
19:09:37	AOCFFA-Arena3_p맵으로 변경되었습니다.
19:09:37	None	Villain-k	/help
19:09:43	None	[KoW]ﮎuperlℨ	듀얼야드는
19:09:45	None	[KoW]ﮎuperlℨ	그냥없는거임
19:09:49	None	[KoW]ﮎuperlℨ	/maplist aocffa
19:09:52	None	[KoW]ﮎuperlℨ	맵리스트로 검색
19:09:57	None	Villain-k	/maplist aocffa
19:09:58	AOCFFA-Arena3_p맵으로 변경되었습니다.
19:10:14	Agatha	[KoW]ﮎuperlℨ	aocffa small
19:10:16	Agatha	[KoW]ﮎuperlℨ	이렇게하면
19:10:21	Agatha	[KoW]ﮎuperlℨ	개인전중에 작은맵 랜덤 바꾸기
19:10:26	Agatha	[KoW]ﮎuperlℨ	aocffa large는 대형맵중에 랜덤 바꾸기
19:10:29	Agatha	[KoW]ﮎuperlℨ	aocto aoc 다 가능
19:10:37	Agatha	[KoW]ﮎuperlℨ	/change throneroom
19:10:40	Agatha	[KoW]ﮎuperlℨ	/maplist throneroom
19:10:42	Agatha	[KoW]ﮎuperlℨ	/change xl
19:10:46	Agatha	[KoW]ﮎuperlℨ	/change xl_p
19:10:50	[안내] aocffa-throneroomxl_p 맵으로 3초 뒤 변경됩니다.
19:10:50	Agatha	[KoW]ﮎuperlℨ	/change roomxl_p
19:10:53	AOCFFA-Arena3_p맵으로 변경되었습니다.
19:12:01	Agatha	Villain-k	이시발년아
19:12:04	Agatha	[KoW]ﮎuperlℨ	ㅋㅋㅋㅋㅋㅋㅋ
19:12:07	Agatha	[KoW]ﮎuperlℨ	이거
19:12:09	Agatha	[KoW]ﮎuperlℨ	block 명령어
19:12:10	Agatha	[KoW]ﮎuperlℨ	채금임
19:12:13	Agatha	[KoW]ﮎuperlℨ	채팅치면 킥됨
19:12:24	Agatha	Villain-k	닉네임 쳐야하ㅑㅁ?
19:12:26	Agatha	[KoW]ﮎuperlℨ	ㅇㅇ
19:12:29	Agatha	[KoW]ﮎuperlℨ	자기보다 권한높은애는 못하고
19:12:33	Agatha	Villain-k	너무 어려운 닉네임은
19:12:34	Agatha	Villain-k	어케해
19:12:39	Agatha	[KoW]ﮎuperlℨ	부분만
19:12:39	Agatha	[KoW]ﮎuperlℨ	치면됨
19:12:48	Agatha	[KoW]ﮎuperlℨ	현재 아예 외계어는
19:12:49	Agatha	[KoW]ﮎuperlℨ	못치는데
19:12:52	Agatha	[KoW]ﮎuperlℨ	그건 걍
19:12:58	Agatha	[KoW]ﮎuperlℨ	방법 ㅣ있긴한데
19:13:00	Agatha	[KoW]ﮎuperlℨ	이거면충분할듯
19:13:08	Agatha	[KoW]ﮎuperlℨ	옛날에는
19:13:11	Agatha	[KoW]ﮎuperlℨ	유저리스트 따로 쭉 뽑았는데
19:13:12	Agatha	[KoW]ﮎuperlℨ	귀찮잖아
19:13:34	Agatha	[KoW]ﮎuperlℨ	/kd
19:13:38	Agatha	[KoW]ﮎuperlℨ	이제 잘 나온다
19:14:08	Agatha	[KoW]ﮎuperlℨ	내 킬뎃
19:14:10	Agatha	[KoW]ﮎuperlℨ	나중에 주작해야지
19:14:14	Agatha	[KoW]ﮎuperlℨ	999킬 1뎃
19:15:29	Agatha	Villain-k	개
19:15:30	Agatha	[KoW]ﮎuperlℨ	너도
19:15:31	Agatha	Villain-k	까부노
19:15:31	Agatha	[KoW]ﮎuperlℨ	권한
19:15:35	Agatha	[KoW]ﮎuperlℨ	임명가능
19:15:37	Agatha	[KoW]ﮎuperlℨ	너보다 낮은 권한 한정
19:17:41	Agatha	Villain-k	ㅋㅋ
19:17:44	Agatha	Villain-k	사람속도냐
19:17:44	Agatha	[KoW]ﮎuperlℨ	늙은거봐
19:18:24	Agatha	[KoW]ﮎuperlℨ	암튼
19:18:26	Agatha	[KoW]ﮎuperlℨ	테스트는 다한듯
19:18:28	Agatha	[KoW]ﮎuperlℨ	/save
19:19:10	AOCFFA-Arena3_p맵으로 변경되었습니다.
19:19:18	None	[KoW]ﮎuperlℨ	/promote Villain 3
19:19:42	None	[KoW]ﮎuperlℨ	이제 난 이만!
