0:04:43	AOCFFA-Arena3_p맵으로 변경되었습니다.
0:04:47	None	고심고심	알트 누르면 안보여요
0:05:03	None	dlrkd	한번 보여주세요 알트
0:05:10	None	고심고심	ㅔ알트
0:05:17	None	고심고심	이게 그냥
0:05:24	None	고심고심	알트 누르면서 휘둘러보세여
0:05:33	None	고심고심	굳
0:05:44	None	dlrkd	ㄱㄱ
0:06:58	AOCFFA-Arena3_p맵에서 Agatha팀이 승리했습니다.
0:07:01	Agatha	dlrkd	저 칼 너무
0:07:08	None	고심고심	이거 사기
0:07:10	None	고심고심	맞습니다
0:07:21	None	고심고심	눈으로 보고 막는거 불가능
0:07:22	AOCFFA-Arena3_p맵으로 변경되었습니다.
0:08:49	Mason	고심고심	ah 이거 너무
0:08:53	Mason	고심고심	정신과 시간의 방
0:09:01	Agatha	dlrkd	ㅋㅋ
0:09:01	Mason	고심고심	즈는 이만 옵치하러
0:09:08	Agatha	dlrkd	ㅃㅃ
0:09:12	Mason	고심고심	ㅂㅂ
